<?xml version="1.0" encoding="UTF-8"?>
<testng-results ignored="50" total="51" passed="0" failed="1" skipped="0">
  <reporter-output>
  </reporter-output>
  <suite started-at="2022-12-22T21:19:05 IST" name="Default suite" finished-at="2022-12-22T21:23:12 IST" duration-ms="246425">
    <groups>
    </groups>
    <test started-at="2022-12-22T21:19:05 IST" name="Default test" finished-at="2022-12-22T21:23:12 IST" duration-ms="246425">
      <class name="test.BaseClass">
        <test-method is-config="true" signature="setup()[pri:0, instance:test.BaseClass@4efac082]" started-at="2022-12-22T21:19:05 IST" name="setup" finished-at="2022-12-22T21:19:22 IST" duration-ms="16456" status="PASS">
          <reporter-output>
          </reporter-output>
        </test-method> <!-- setup -->
        <test-method signature="PlayMatchT10()[pri:0, instance:test.BaseClass@4efac082]" started-at="2022-12-22T21:19:22 IST" name="PlayMatchT10" finished-at="2022-12-22T21:23:11 IST" duration-ms="229138" status="FAIL">
          <exception class="java.lang.AssertionError">
            <message>
              <![CDATA[Non striker run is Not Valid expected [1(1)] but found [0(3)]]]>
            </message>
            <full-stacktrace>
              <![CDATA[java.lang.AssertionError: Non striker run is Not Valid expected [1(1)] but found [0(3)]
at org.testng.Assert.fail(Assert.java:110)
at org.testng.Assert.failNotEquals(Assert.java:1413)
at org.testng.Assert.assertEqualsImpl(Assert.java:149)
at org.testng.Assert.assertEquals(Assert.java:131)
at org.testng.Assert.assertEquals(Assert.java:655)
at pages.LoginOtpPageElement.assertMessage(LoginOtpPageElement.java:1916)
at pages.LoginOtpPageElement.VerifyNonStrikerRun(LoginOtpPageElement.java:1540)
at test.BaseClass.VerifyScoreScreenCalculationAfterAction(BaseClass.java:1619)
at test.BaseClass.PlayMatchT10(BaseClass.java:1470)
at java.base/jdk.internal.reflect.NativeMethodAccessorImpl.invoke0(Native Method)
at java.base/jdk.internal.reflect.NativeMethodAccessorImpl.invoke(NativeMethodAccessorImpl.java:77)
at java.base/jdk.internal.reflect.DelegatingMethodAccessorImpl.invoke(DelegatingMethodAccessorImpl.java:43)
at java.base/java.lang.reflect.Method.invoke(Method.java:568)
at org.testng.internal.invokers.MethodInvocationHelper.invokeMethod(MethodInvocationHelper.java:139)
at org.testng.internal.invokers.TestInvoker.invokeMethod(TestInvoker.java:677)
at org.testng.internal.invokers.TestInvoker.invokeTestMethod(TestInvoker.java:221)
at org.testng.internal.invokers.MethodRunner.runInSequence(MethodRunner.java:50)
at org.testng.internal.invokers.TestInvoker$MethodInvocationAgent.invoke(TestInvoker.java:962)
at org.testng.internal.invokers.TestInvoker.invokeTestMethods(TestInvoker.java:194)
at org.testng.internal.invokers.TestMethodWorker.invokeTestMethods(TestMethodWorker.java:148)
at org.testng.internal.invokers.TestMethodWorker.run(TestMethodWorker.java:128)
at java.base/java.util.ArrayList.forEach(ArrayList.java:1511)
at org.testng.TestRunner.privateRun(TestRunner.java:806)
at org.testng.TestRunner.run(TestRunner.java:601)
at org.testng.SuiteRunner.runTest(SuiteRunner.java:433)
at org.testng.SuiteRunner.runSequentially(SuiteRunner.java:427)
at org.testng.SuiteRunner.privateRun(SuiteRunner.java:387)
at org.testng.SuiteRunner.run(SuiteRunner.java:330)
at org.testng.SuiteRunnerWorker.runSuite(SuiteRunnerWorker.java:52)
at org.testng.SuiteRunnerWorker.run(SuiteRunnerWorker.java:95)
at org.testng.TestNG.runSuitesSequentially(TestNG.java:1256)
at org.testng.TestNG.runSuitesLocally(TestNG.java:1176)
at org.testng.TestNG.runSuites(TestNG.java:1099)
at org.testng.TestNG.run(TestNG.java:1067)
at org.testng.remote.AbstractRemoteTestNG.run(AbstractRemoteTestNG.java:115)
at org.testng.remote.RemoteTestNG.initAndRun(RemoteTestNG.java:251)
at org.testng.remote.RemoteTestNG.main(RemoteTestNG.java:77)
]]>
            </full-stacktrace>
          </exception> <!-- java.lang.AssertionError -->
          <reporter-output>
          </reporter-output>
        </test-method> <!-- PlayMatchT10 -->
        <test-method is-config="true" signature="teardown()[pri:0, instance:test.BaseClass@4efac082]" started-at="2022-12-22T21:23:11 IST" name="teardown" finished-at="2022-12-22T21:23:12 IST" duration-ms="766" status="PASS">
          <reporter-output>
          </reporter-output>
        </test-method> <!-- teardown -->
      </class> <!-- test.BaseClass -->
    </test> <!-- Default test -->
  </suite> <!-- Default suite -->
</testng-results>
