<?xml version="1.0" encoding="UTF-8"?>
<!-- Generated by org.testng.reporters.JUnitXMLReporter -->
<testsuite ignored="18" hostname="DESKTOP-VET6UUR" failures="0" tests="2" name="Test" time="6.941" errors="0" timestamp="2022-09-05T11:43:08 IST">
  <testcase classname="test.BaseClass" name="@BeforeTest setup" time="6.786">
    <failure type="org.openqa.selenium.SessionNotCreatedException" message="Unable to create a new remote session. Please check the server log for more details. Original error: An unknown server-side error occurred while processing the command. Original error: Cannot verify the signature of &amp;apos;C:\Users\LAPCAR~1\AppData\Local\Temp\202285-9316-nvvdhm.11ijn\appium-uiautomator2-server-v4.27.0.apk&amp;apos;. Original error: The &amp;apos;java.exe&amp;apos; binary could not be found neither in PATH nor under JAVA_HOME (The JAVA_HOME location &amp;apos;C:\Program Files\Java\jdk1.8.0_74&amp;apos; must exist)
Build info: version: &amp;apos;3.141.59&amp;apos;, revision: &amp;apos;e82be7d358&amp;apos;, time: &amp;apos;2018-11-14T08:17:03&amp;apos;
System info: host: &amp;apos;DESKTOP-VET6UUR&amp;apos;, ip: &amp;apos;192.168.1.13&amp;apos;, os.name: &amp;apos;Windows 10&amp;apos;, os.arch: &amp;apos;amd64&amp;apos;, os.version: &amp;apos;10.0&amp;apos;, java.version: &amp;apos;17.0.3&amp;apos;
Driver info: driver.version: AppiumDriver
remote stacktrace: UnknownError: An unknown server-side error occurred while processing the command. Original error: Cannot verify the signature of &amp;apos;C:\Users\LAPCAR~1\AppData\Local\Temp\202285-9316-nvvdhm.11ijn\appium-uiautomator2-server-v4.27.0.apk&amp;apos;. Original error: The &amp;apos;java.exe&amp;apos; binary could not be found neither in PATH nor under JAVA_HOME (The JAVA_HOME location &amp;apos;C:\Program Files\Java\jdk1.8.0_74&amp;apos; must exist)
    at getResponseForW3CError (C:\Program Files\Appium Server GUI\resources\app\node_modules\appium\node_modules\appium-base-driver\lib\protocol\errors.js:804:9)
    at asyncHandler (C:\Program Files\Appium Server GUI\resources\app\node_modules\appium\node_modules\appium-base-driver\lib\protocol\protocol.js:380:37)
Build info: version: &amp;apos;3.141.59&amp;apos;, revision: &amp;apos;e82be7d358&amp;apos;, time: &amp;apos;2018-11-14T08:17:03&amp;apos;
System info: host: &amp;apos;DESKTOP-VET6UUR&amp;apos;, ip: &amp;apos;192.168.1.13&amp;apos;, os.name: &amp;apos;Windows 10&amp;apos;, os.arch: &amp;apos;amd64&amp;apos;, os.version: &amp;apos;10.0&amp;apos;, java.version: &amp;apos;17.0.3&amp;apos;
Driver info: driver.version: AppiumDriver">
      <![CDATA[org.openqa.selenium.SessionNotCreatedException: Unable to create a new remote session. Please check the server log for more details. Original error: An unknown server-side error occurred while processing the command. Original error: Cannot verify the signature of 'C:\Users\LAPCAR~1\AppData\Local\Temp\202285-9316-nvvdhm.11ijn\appium-uiautomator2-server-v4.27.0.apk'. Original error: The 'java.exe' binary could not be found neither in PATH nor under JAVA_HOME (The JAVA_HOME location 'C:\Program Files\Java\jdk1.8.0_74' must exist)
Build info: version: '3.141.59', revision: 'e82be7d358', time: '2018-11-14T08:17:03'
System info: host: 'DESKTOP-VET6UUR', ip: '192.168.1.13', os.name: 'Windows 10', os.arch: 'amd64', os.version: '10.0', java.version: '17.0.3'
Driver info: driver.version: AppiumDriver
remote stacktrace: UnknownError: An unknown server-side error occurred while processing the command. Original error: Cannot verify the signature of 'C:\Users\LAPCAR~1\AppData\Local\Temp\202285-9316-nvvdhm.11ijn\appium-uiautomator2-server-v4.27.0.apk'. Original error: The 'java.exe' binary could not be found neither in PATH nor under JAVA_HOME (The JAVA_HOME location 'C:\Program Files\Java\jdk1.8.0_74' must exist)
    at getResponseForW3CError (C:\Program Files\Appium Server GUI\resources\app\node_modules\appium\node_modules\appium-base-driver\lib\protocol\errors.js:804:9)
    at asyncHandler (C:\Program Files\Appium Server GUI\resources\app\node_modules\appium\node_modules\appium-base-driver\lib\protocol\protocol.js:380:37)
Build info: version: '3.141.59', revision: 'e82be7d358', time: '2018-11-14T08:17:03'
System info: host: 'DESKTOP-VET6UUR', ip: '192.168.1.13', os.name: 'Windows 10', os.arch: 'amd64', os.version: '10.0', java.version: '17.0.3'
Driver info: driver.version: AppiumDriver
at io.appium.java_client.remote.AppiumCommandExecutor$1.createSession(AppiumCommandExecutor.java:216)
at io.appium.java_client.remote.AppiumCommandExecutor.createSession(AppiumCommandExecutor.java:225)
at io.appium.java_client.remote.AppiumCommandExecutor.execute(AppiumCommandExecutor.java:250)
at org.openqa.selenium.remote.RemoteWebDriver.execute(RemoteWebDriver.java:552)
at io.appium.java_client.DefaultGenericMobileDriver.execute(DefaultGenericMobileDriver.java:41)
at io.appium.java_client.AppiumDriver.execute(AppiumDriver.java:1)
at org.openqa.selenium.remote.RemoteWebDriver.startSession(RemoteWebDriver.java:213)
at io.appium.java_client.AppiumDriver.startSession(AppiumDriver.java:363)
at org.openqa.selenium.remote.RemoteWebDriver.<init>(RemoteWebDriver.java:131)
at io.appium.java_client.DefaultGenericMobileDriver.<init>(DefaultGenericMobileDriver.java:37)
at io.appium.java_client.AppiumDriver.<init>(AppiumDriver.java:89)
at io.appium.java_client.AppiumDriver.<init>(AppiumDriver.java:99)
at test.BaseClass.setup(BaseClass.java:63)
at io.appium.java_client.remote.AppiumCommandExecutor$1.createSession(AppiumCommandExecutor.java:193)
... 36 more
Caused by: org.openqa.selenium.WebDriverException: An unknown server-side error occurred while processing the command. Original error: Cannot verify the signature of 'C:\Users\LAPCAR~1\AppData\Local\Temp\202285-9316-nvvdhm.11ijn\appium-uiautomator2-server-v4.27.0.apk'. Original error: The 'java.exe' binary could not be found neither in PATH nor under JAVA_HOME (The JAVA_HOME location 'C:\Program Files\Java\jdk1.8.0_74' must exist)
Build info: version: '3.141.59', revision: 'e82be7d358', time: '2018-11-14T08:17:03'
System info: host: 'DESKTOP-VET6UUR', ip: '192.168.1.13', os.name: 'Windows 10', os.arch: 'amd64', os.version: '10.0', java.version: '17.0.3'
Driver info: driver.version: AppiumDriver
remote stacktrace: UnknownError: An unknown server-side error occurred while processing the command. Original error: Cannot verify the signature of 'C:\Users\LAPCAR~1\AppData\Local\Temp\202285-9316-nvvdhm.11ijn\appium-uiautomator2-server-v4.27.0.apk'. Original error: The 'java.exe' binary could not be found neither in PATH nor under JAVA_HOME (The JAVA_HOME location 'C:\Program Files\Java\jdk1.8.0_74' must exist)
    at getResponseForW3CError (C:\Program Files\Appium Server GUI\resources\app\node_modules\appium\node_modules\appium-base-driver\lib\protocol\errors.js:804:9)
    at asyncHandler (C:\Program Files\Appium Server GUI\resources\app\node_modules\appium\node_modules\appium-base-driver\lib\protocol\protocol.js:380:37)
at org.openqa.selenium.remote.W3CHandshakeResponse.lambda$errorHandler$0(W3CHandshakeResponse.java:62)
at org.openqa.selenium.remote.HandshakeResponse.lambda$getResponseFunction$0(HandshakeResponse.java:30)
at org.openqa.selenium.remote.ProtocolHandshake.lambda$createSession$0(ProtocolHandshake.java:126)
at java.base/java.util.stream.ReferencePipeline$3$1.accept(ReferencePipeline.java:197)
at java.base/java.util.Spliterators$ArraySpliterator.tryAdvance(Spliterators.java:1002)
at java.base/java.util.stream.ReferencePipeline.forEachWithCancel(ReferencePipeline.java:129)
at java.base/java.util.stream.AbstractPipeline.copyIntoWithCancel(AbstractPipeline.java:527)
at java.base/java.util.stream.AbstractPipeline.copyInto(AbstractPipeline.java:513)
at java.base/java.util.stream.AbstractPipeline.wrapAndCopyInto(AbstractPipeline.java:499)
at java.base/java.util.stream.FindOps$FindOp.evaluateSequential(FindOps.java:150)
at java.base/java.util.stream.AbstractPipeline.evaluate(AbstractPipeline.java:234)
at java.base/java.util.stream.ReferencePipeline.findFirst(ReferencePipeline.java:647)
at org.openqa.selenium.remote.ProtocolHandshake.createSession(ProtocolHandshake.java:128)
... 41 more
... Removed 34 stack frames]]>
    </failure>
  </testcase> <!-- @BeforeTest setup -->
  <testcase classname="test.BaseClass" name="VerifyCountryDropdown" time="0.0">
    <skipped/>
  </testcase> <!-- VerifyCountryDropdown -->
  <testcase classname="test.BaseClass" name="internetOffTest" time="0.0">
    <skipped/>
  </testcase> <!-- internetOffTest -->
  <testcase classname="test.BaseClass" name="createTeam" time="0.0">
    <ignored/>
  </testcase> <!-- createTeam -->
  <testcase classname="test.BaseClass" name="AddPlayersInTeam" time="0.0">
    <ignored/>
  </testcase> <!-- AddPlayersInTeam -->
  <testcase classname="test.BaseClass" name="EditTeam" time="0.0">
    <ignored/>
  </testcase> <!-- EditTeam -->
  <testcase classname="test.BaseClass" name="CreateMatch" time="0.0">
    <ignored/>
  </testcase> <!-- CreateMatch -->
  <testcase classname="test.BaseClass" name="ContinueAsGuest" time="0.0">
    <ignored/>
  </testcase> <!-- ContinueAsGuest -->
  <testcase classname="test.BaseClass" name="CreateTournament" time="0.0">
    <ignored/>
  </testcase> <!-- CreateTournament -->
  <testcase classname="test.BaseClass" name="CreateTournamentMandatoryFieldsValidation" time="0.0">
    <ignored/>
  </testcase> <!-- CreateTournamentMandatoryFieldsValidation -->
  <testcase classname="test.BaseClass" name="CreateTournamentVerifyFieldSMaximumLengthValidation" time="0.0">
    <ignored/>
  </testcase> <!-- CreateTournamentVerifyFieldSMaximumLengthValidation -->
  <testcase classname="test.BaseClass" name="EditPlayersInTeam" time="0.0">
    <ignored/>
  </testcase> <!-- EditPlayersInTeam -->
  <testcase classname="test.BaseClass" name="EditTournament" time="0.0">
    <ignored/>
  </testcase> <!-- EditTournament -->
  <testcase classname="test.BaseClass" name="CreateTournamentFieldsIconValidation" time="0.0">
    <ignored/>
  </testcase> <!-- CreateTournamentFieldsIconValidation -->
  <testcase classname="test.BaseClass" name="VerifyMobileNumber" time="0.0">
    <ignored/>
  </testcase> <!-- VerifyMobileNumber -->
  <testcase classname="test.BaseClass" name="EditTournamentMandatoryValiadtion" time="0.0">
    <ignored/>
  </testcase> <!-- EditTournamentMandatoryValiadtion -->
  <testcase classname="test.BaseClass" name="CreateTeamPaeValidation" time="0.0">
    <ignored/>
  </testcase> <!-- CreateTeamPaeValidation -->
  <testcase classname="test.BaseClass" name="AddPlayersInTeamFieldValidations" time="0.0">
    <ignored/>
  </testcase> <!-- AddPlayersInTeamFieldValidations -->
  <testcase classname="test.BaseClass" name="EditPlayersInTeamFieldValidations" time="0.0">
    <ignored/>
  </testcase> <!-- EditPlayersInTeamFieldValidations -->
  <testcase classname="test.BaseClass" name="EditTournamentFieldsIconValidation" time="0.0">
    <ignored/>
  </testcase> <!-- EditTournamentFieldsIconValidation -->
  <testcase classname="test.BaseClass" name="EditTeamValidations" time="0.0">
    <ignored/>
  </testcase> <!-- EditTeamValidations -->
</testsuite> <!-- Test -->
