<?xml version="1.0" encoding="UTF-8"?>
<!-- Generated by org.testng.reporters.JUnitXMLReporter -->
<testsuite ignored="42" hostname="DESKTOP-VET6UUR" failures="1" tests="1" name="Default test" time="165.622" errors="0" timestamp="2022-11-29T09:25:51 IST">
  <testcase classname="test.BaseClass" name="EditPlayersInTeamFieldValidations" time="145.84">
    <failure type="org.openqa.selenium.NoSuchElementException" message="An element could not be located on the page using the given search parameters.
For documentation on this error, please visit: https://www.seleniumhq.org/exceptions/no_such_element.html
Build info: version: &amp;apos;3.141.59&amp;apos;, revision: &amp;apos;e82be7d358&amp;apos;, time: &amp;apos;2018-11-14T08:17:03&amp;apos;
System info: host: &amp;apos;DESKTOP-VET6UUR&amp;apos;, ip: &amp;apos;192.168.1.2&amp;apos;, os.name: &amp;apos;Windows 10&amp;apos;, os.arch: &amp;apos;amd64&amp;apos;, os.version: &amp;apos;10.0&amp;apos;, java.version: &amp;apos;17.0.3&amp;apos;
Driver info: io.appium.java_client.AppiumDriver
Capabilities {app: C:\Users\LAPCARE-PC\git\YoC..., appPackage: com.yocricket, autoGrantPermissions: true, databaseEnabled: false, desired: {app: C:\Users\LAPCARE-PC\git\YoC..., autoGrantPermissions: true, deviceName: Android SDK built for x86_64, newCommandTimeout: 60, platformName: android, platformVersion: 9, udid: emulator-5554}, deviceApiLevel: 28, deviceManufacturer: Google, deviceModel: Android SDK built for x86_64, deviceName: emulator-5554, deviceScreenDensity: 320, deviceScreenSize: 720x1280, deviceUDID: emulator-5554, javascriptEnabled: true, locationContextEnabled: false, networkConnectionEnabled: true, newCommandTimeout: 60, pixelRatio: 2, platform: LINUX, platformName: ANDROID, platformVersion: 9, statBarHeight: 48, takesScreenshot: true, udid: emulator-5554, viewportRect: {height: 1136, left: 0, top: 48, width: 720}, warnings: {}, webStorageEnabled: false}
Session ID: 505efb83-2434-4226-a68d-a899f548e200
*** Element info: {Using=xpath, value=/hierarchy/android.widget.FrameLayout/android.widget.LinearLayout/android.widget.FrameLayout/android.widget.LinearLayout/android.widget.FrameLayout/android.widget.FrameLayout/android.view.ViewGroup/android.view.ViewGroup[2]/android.view.ViewGroup/android.view.ViewGroup/android.view.ViewGroup[1]/android.widget.FrameLayout/android.view.ViewGroup/android.view.ViewGroup/android.view.ViewGroup[2]/android.view.ViewGroup/android.view.ViewGroup/android.view.ViewGroup/android.view.ViewGroup/android.view.ViewGroup[1]/android.widget.FrameLayout/android.view.ViewGroup/android.view.ViewGroup/android.view.ViewGroup[2]/android.view.ViewGroup/android.view.ViewGroup/android.view.ViewGroup[2]/android.widget.ScrollView/android.view.ViewGroup/android.view.ViewGroup[2]/android.view.ViewGroup[2]/android.view.ViewGroup}">
      <![CDATA[org.openqa.selenium.NoSuchElementException: An element could not be located on the page using the given search parameters.
For documentation on this error, please visit: https://www.seleniumhq.org/exceptions/no_such_element.html
Build info: version: '3.141.59', revision: 'e82be7d358', time: '2018-11-14T08:17:03'
System info: host: 'DESKTOP-VET6UUR', ip: '192.168.1.2', os.name: 'Windows 10', os.arch: 'amd64', os.version: '10.0', java.version: '17.0.3'
Driver info: io.appium.java_client.AppiumDriver
Capabilities {app: C:\Users\LAPCARE-PC\git\YoC..., appPackage: com.yocricket, autoGrantPermissions: true, databaseEnabled: false, desired: {app: C:\Users\LAPCARE-PC\git\YoC..., autoGrantPermissions: true, deviceName: Android SDK built for x86_64, newCommandTimeout: 60, platformName: android, platformVersion: 9, udid: emulator-5554}, deviceApiLevel: 28, deviceManufacturer: Google, deviceModel: Android SDK built for x86_64, deviceName: emulator-5554, deviceScreenDensity: 320, deviceScreenSize: 720x1280, deviceUDID: emulator-5554, javascriptEnabled: true, locationContextEnabled: false, networkConnectionEnabled: true, newCommandTimeout: 60, pixelRatio: 2, platform: LINUX, platformName: ANDROID, platformVersion: 9, statBarHeight: 48, takesScreenshot: true, udid: emulator-5554, viewportRect: {height: 1136, left: 0, top: 48, width: 720}, warnings: {}, webStorageEnabled: false}
Session ID: 505efb83-2434-4226-a68d-a899f548e200
*** Element info: {Using=xpath, value=/hierarchy/android.widget.FrameLayout/android.widget.LinearLayout/android.widget.FrameLayout/android.widget.LinearLayout/android.widget.FrameLayout/android.widget.FrameLayout/android.view.ViewGroup/android.view.ViewGroup[2]/android.view.ViewGroup/android.view.ViewGroup/android.view.ViewGroup[1]/android.widget.FrameLayout/android.view.ViewGroup/android.view.ViewGroup/android.view.ViewGroup[2]/android.view.ViewGroup/android.view.ViewGroup/android.view.ViewGroup/android.view.ViewGroup/android.view.ViewGroup[1]/android.widget.FrameLayout/android.view.ViewGroup/android.view.ViewGroup/android.view.ViewGroup[2]/android.view.ViewGroup/android.view.ViewGroup/android.view.ViewGroup[2]/android.widget.ScrollView/android.view.ViewGroup/android.view.ViewGroup[2]/android.view.ViewGroup[2]/android.view.ViewGroup}
at jdk.internal.reflect.GeneratedConstructorAccessor11.newInstance(Unknown Source)
at java.base/jdk.internal.reflect.DelegatingConstructorAccessorImpl.newInstance(DelegatingConstructorAccessorImpl.java:45)
at java.base/java.lang.reflect.Constructor.newInstanceWithCaller(Constructor.java:499)
at java.base/java.lang.reflect.Constructor.newInstance(Constructor.java:480)
at org.openqa.selenium.remote.http.W3CHttpResponseCodec.createException(W3CHttpResponseCodec.java:187)
at org.openqa.selenium.remote.http.W3CHttpResponseCodec.decode(W3CHttpResponseCodec.java:122)
at org.openqa.selenium.remote.http.W3CHttpResponseCodec.decode(W3CHttpResponseCodec.java:49)
at org.openqa.selenium.remote.HttpCommandExecutor.execute(HttpCommandExecutor.java:158)
at io.appium.java_client.remote.AppiumCommandExecutor.execute(AppiumCommandExecutor.java:250)
at org.openqa.selenium.remote.RemoteWebDriver.execute(RemoteWebDriver.java:552)
at io.appium.java_client.DefaultGenericMobileDriver.execute(DefaultGenericMobileDriver.java:41)
at io.appium.java_client.AppiumDriver.execute(AppiumDriver.java:1)
at org.openqa.selenium.remote.RemoteWebDriver.findElement(RemoteWebDriver.java:323)
at io.appium.java_client.DefaultGenericMobileDriver.findElement(DefaultGenericMobileDriver.java:61)
at io.appium.java_client.AppiumDriver.findElement(AppiumDriver.java:1)
at org.openqa.selenium.remote.RemoteWebDriver.findElementByXPath(RemoteWebDriver.java:428)
at io.appium.java_client.DefaultGenericMobileDriver.findElementByXPath(DefaultGenericMobileDriver.java:151)
at io.appium.java_client.AppiumDriver.findElementByXPath(AppiumDriver.java:1)
at org.openqa.selenium.By$ByXPath.findElement(By.java:353)
at org.openqa.selenium.remote.RemoteWebDriver.findElement(RemoteWebDriver.java:315)
at io.appium.java_client.DefaultGenericMobileDriver.findElement(DefaultGenericMobileDriver.java:57)
at io.appium.java_client.AppiumDriver.findElement(AppiumDriver.java:1)
at pages.LoginOtpPageElement.ClickOnEditPlayer(LoginOtpPageElement.java:1110)
at test.BaseClass.EditPlayersInTeamFieldValidations(BaseClass.java:797)
at java.base/jdk.internal.reflect.NativeMethodAccessorImpl.invoke0(Native Method)
at java.base/jdk.internal.reflect.NativeMethodAccessorImpl.invoke(NativeMethodAccessorImpl.java:77)
at java.base/jdk.internal.reflect.DelegatingMethodAccessorImpl.invoke(DelegatingMethodAccessorImpl.java:43)
at java.base/java.lang.reflect.Method.invoke(Method.java:568)
at org.testng.internal.invokers.MethodInvocationHelper.invokeMethod(MethodInvocationHelper.java:139)
at org.testng.internal.invokers.TestInvoker.invokeMethod(TestInvoker.java:677)
at org.testng.internal.invokers.TestInvoker.invokeTestMethod(TestInvoker.java:221)
at org.testng.internal.invokers.MethodRunner.runInSequence(MethodRunner.java:50)
at org.testng.internal.invokers.TestInvoker$MethodInvocationAgent.invoke(TestInvoker.java:962)
at org.testng.internal.invokers.TestInvoker.invokeTestMethods(TestInvoker.java:194)
at org.testng.internal.invokers.TestMethodWorker.invokeTestMethods(TestMethodWorker.java:148)
at org.testng.internal.invokers.TestMethodWorker.run(TestMethodWorker.java:128)
at java.base/java.util.ArrayList.forEach(ArrayList.java:1511)
at org.testng.TestRunner.privateRun(TestRunner.java:806)
at org.testng.TestRunner.run(TestRunner.java:601)
at org.testng.SuiteRunner.runTest(SuiteRunner.java:433)
at org.testng.SuiteRunner.runSequentially(SuiteRunner.java:427)
at org.testng.SuiteRunner.privateRun(SuiteRunner.java:387)
at org.testng.SuiteRunner.run(SuiteRunner.java:330)
at org.testng.SuiteRunnerWorker.runSuite(SuiteRunnerWorker.java:52)
at org.testng.SuiteRunnerWorker.run(SuiteRunnerWorker.java:95)
at org.testng.TestNG.runSuitesSequentially(TestNG.java:1256)
at org.testng.TestNG.runSuitesLocally(TestNG.java:1176)
at org.testng.TestNG.runSuites(TestNG.java:1099)
at org.testng.TestNG.run(TestNG.java:1067)
at org.testng.remote.AbstractRemoteTestNG.run(AbstractRemoteTestNG.java:115)
at org.testng.remote.RemoteTestNG.initAndRun(RemoteTestNG.java:251)
at org.testng.remote.RemoteTestNG.main(RemoteTestNG.java:77)
]]>
    </failure>
  </testcase> <!-- EditPlayersInTeamFieldValidations -->
  <testcase classname="test.BaseClass" name="VerifyMobileNumber" time="0.0">
    <ignored/>
  </testcase> <!-- VerifyMobileNumber -->
  <testcase classname="test.BaseClass" name="VerifyProfileEmailIdValidation" time="0.0">
    <ignored/>
  </testcase> <!-- VerifyProfileEmailIdValidation -->
  <testcase classname="test.BaseClass" name="LengthGroupNameVerification" time="0.0">
    <ignored/>
  </testcase> <!-- LengthGroupNameVerification -->
  <testcase classname="test.BaseClass" name="EditTeam" time="0.0">
    <ignored/>
  </testcase> <!-- EditTeam -->
  <testcase classname="test.BaseClass" name="CreateTournamentMandatoryFieldsValidation" time="0.0">
    <ignored/>
  </testcase> <!-- CreateTournamentMandatoryFieldsValidation -->
  <testcase classname="test.BaseClass" name="EditTeamValidations" time="0.0">
    <ignored/>
  </testcase> <!-- EditTeamValidations -->
  <testcase classname="test.BaseClass" name="CreateGroup" time="0.0">
    <ignored/>
  </testcase> <!-- CreateGroup -->
  <testcase classname="test.BaseClass" name="EditMatch" time="0.0">
    <ignored/>
  </testcase> <!-- EditMatch -->
  <testcase classname="test.BaseClass" name="ContinueAsGuest" time="0.0">
    <ignored/>
  </testcase> <!-- ContinueAsGuest -->
  <testcase classname="test.BaseClass" name="FirstTimeLoginFieldsLengthVerification" time="0.0">
    <ignored/>
  </testcase> <!-- FirstTimeLoginFieldsLengthVerification -->
  <testcase classname="test.BaseClass" name="FirstTimeLoginFieldsVerify" time="0.0">
    <ignored/>
  </testcase> <!-- FirstTimeLoginFieldsVerify -->
  <testcase classname="test.BaseClass" name="VerifyInvalidOTP" time="0.0">
    <ignored/>
  </testcase> <!-- VerifyInvalidOTP -->
  <testcase classname="test.BaseClass" name="Gallery" time="0.0">
    <ignored/>
  </testcase> <!-- Gallery -->
  <testcase classname="test.BaseClass" name="VerifyProfileLastNameMandatory" time="0.0">
    <ignored/>
  </testcase> <!-- VerifyProfileLastNameMandatory -->
  <testcase classname="test.BaseClass" name="CreateTournamentFieldsIconValidation" time="0.0">
    <ignored/>
  </testcase> <!-- CreateTournamentFieldsIconValidation -->
  <testcase classname="test.BaseClass" name="Toss" time="0.0">
    <ignored/>
  </testcase> <!-- Toss -->
  <testcase classname="test.BaseClass" name="CreateTournament" time="0.0">
    <ignored/>
  </testcase> <!-- CreateTournament -->
  <testcase classname="test.BaseClass" name="PlayMatch" time="0.0">
    <ignored/>
  </testcase> <!-- PlayMatch -->
  <testcase classname="test.BaseClass" name="CreateTournamentVerifyFieldSMaximumLengthValidation" time="0.0">
    <ignored/>
  </testcase> <!-- CreateTournamentVerifyFieldSMaximumLengthValidation -->
  <testcase classname="test.BaseClass" name="CreateTeamPageTeamNameLengthValidation" time="0.0">
    <ignored/>
  </testcase> <!-- CreateTeamPageTeamNameLengthValidation -->
  <testcase classname="test.BaseClass" name="EditPlayersInTeam" time="0.0">
    <ignored/>
  </testcase> <!-- EditPlayersInTeam -->
  <testcase classname="test.BaseClass" name="VerifyProfileFirstNameMandatory" time="0.0">
    <ignored/>
  </testcase> <!-- VerifyProfileFirstNameMandatory -->
  <testcase classname="test.BaseClass" name="EditGroup" time="0.0">
    <ignored/>
  </testcase> <!-- EditGroup -->
  <testcase classname="test.BaseClass" name="CreateMatch" time="0.0">
    <ignored/>
  </testcase> <!-- CreateMatch -->
  <testcase classname="test.BaseClass" name="DeleteGroup" time="0.0">
    <ignored/>
  </testcase> <!-- DeleteGroup -->
  <testcase classname="test.BaseClass" name="createTeam" time="0.0">
    <ignored/>
  </testcase> <!-- createTeam -->
  <testcase classname="test.BaseClass" name="EditTournament" time="0.0">
    <ignored/>
  </testcase> <!-- EditTournament -->
  <testcase classname="test.BaseClass" name="DuplicatePlayersInTeam" time="0.0">
    <ignored/>
  </testcase> <!-- DuplicatePlayersInTeam -->
  <testcase classname="test.BaseClass" name="EditTournamentMandatoryValiadtion" time="0.0">
    <ignored/>
  </testcase> <!-- EditTournamentMandatoryValiadtion -->
  <testcase classname="test.BaseClass" name="VerifyCountryDropdown" time="0.0">
    <ignored/>
  </testcase> <!-- VerifyCountryDropdown -->
  <testcase classname="test.BaseClass" name="CreateTeamPaeValidation" time="0.0">
    <ignored/>
  </testcase> <!-- CreateTeamPaeValidation -->
  <testcase classname="test.BaseClass" name="MandatoryGroupNameVerification" time="0.0">
    <ignored/>
  </testcase> <!-- MandatoryGroupNameVerification -->
  <testcase classname="test.BaseClass" name="internetOffTest" time="0.0">
    <ignored/>
  </testcase> <!-- internetOffTest -->
  <testcase classname="test.BaseClass" name="LoginToMenu" time="0.0">
    <ignored/>
  </testcase> <!-- LoginToMenu -->
  <testcase classname="test.BaseClass" name="CreateTournamentPhotoImageSizeValidation" time="0.0">
    <ignored/>
  </testcase> <!-- CreateTournamentPhotoImageSizeValidation -->
  <testcase classname="test.BaseClass" name="EditTournamentFieldsIconValidation" time="0.0">
    <ignored/>
  </testcase> <!-- EditTournamentFieldsIconValidation -->
  <testcase classname="test.BaseClass" name="VerifyProfileWeightValidation" time="0.0">
    <ignored/>
  </testcase> <!-- VerifyProfileWeightValidation -->
  <testcase classname="test.BaseClass" name="AddPlayersInTeam" time="0.0">
    <ignored/>
  </testcase> <!-- AddPlayersInTeam -->
  <testcase classname="test.BaseClass" name="Profile" time="0.0">
    <ignored/>
  </testcase> <!-- Profile -->
  <testcase classname="test.BaseClass" name="EditGroupSearchTeam" time="0.0">
    <ignored/>
  </testcase> <!-- EditGroupSearchTeam -->
  <testcase classname="test.BaseClass" name="DuplicateTeamNameValidation" time="0.0">
    <ignored/>
  </testcase> <!-- DuplicateTeamNameValidation -->
  <testcase classname="test.BaseClass" name="StartSchedualMatch" time="0.0">
    <ignored/>
  </testcase> <!-- StartSchedualMatch -->
</testsuite> <!-- Default test -->
